<?xml version="1.0" encoding="UTF-8"?>
<!-- Generated by org.testng.reporters.JUnitReportReporter -->
<testsuite hostname="Galinas-Air" name="misc.dateTest" tests="1" failures="0" timestamp="2 Feb 2017 04:01:11 GMT" time="0.042" errors="0">
  <testcase name="f" time="0.042" classname="misc.dateTest"/>
</testsuite> <!-- misc.dateTest -->
