<?xml version="1.0" encoding="UTF-8"?>
<!-- Generated by org.testng.reporters.JUnitReportReporter -->
<testsuite hostname="Galinas-Air" name="com.sqa.gy.TC101withJF" tests="2" failures="0" timestamp="2 Feb 2017 06:09:10 GMT" time="21.526" errors="0">
  <testcase name="testLogin" time="11.042" classname="com.sqa.gy.TC101withJF"/>
  <testcase name="testHotelSearch" time="10.484" classname="com.sqa.gy.TC101withJF"/>
</testsuite> <!-- com.sqa.gy.TC101withJF -->
